{
  "RSpec": {
    "coverage": {
      "/Users/sabinashrestha/Devpointlabs/summer2015/learning-rspec/spec/controllers/users_controller_spec.rb": [
        1,
        null,
        1,
        null,
        null
      ],
      "/Users/sabinashrestha/Devpointlabs/summer2015/learning-rspec/spec/rails_helper.rb": [
        null,
        1,
        1,
        null,
        1,
        1,
        1,
        null,
        null,
        null,
        null,
        null,
        null,
        null,
        null,
        null,
        null,
        null,
        null,
        null,
        null,
        null,
        null,
        null,
        null,
        null,
        1,
        null,
        1,
        null,
        1,
        null,
        null,
        null,
        null,
        1,
        null,
        null,
        null,
        null,
        null,
        null,
        null,
        null,
        null,
        null,
        null,
        null,
        null,
        null,
        1,
        null
      ],
      "/Users/sabinashrestha/Devpointlabs/summer2015/learning-rspec/config/environment.rb": [
        null,
        1,
        null,
        null,
        1
      ],
      "/Users/sabinashrestha/Devpointlabs/summer2015/learning-rspec/config/application.rb": [
        1,
        null,
        1,
        null,
        null,
        null,
        1,
        null,
        1,
        1,
        null,
        null,
        null,
        null,
        null,
        null,
        null,
        null,
        null,
        null,
        null,
        null,
        null,
        1,
        null,
        null
      ],
      "/Users/sabinashrestha/Devpointlabs/summer2015/learning-rspec/config/boot.rb": [
        1,
        null,
        1
      ],
      "/Users/sabinashrestha/Devpointlabs/summer2015/learning-rspec/config/environments/test.rb": [
        1,
        null,
        null,
        null,
        null,
        null,
        null,
        1,
        null,
        null,
        null,
        null,
        1,
        null,
        null,
        1,
        1,
        null,
        null,
        1,
        1,
        null,
        null,
        1,
        null,
        null,
        1,
        null,
        null,
        null,
        null,
        1,
        null,
        null,
        1,
        null,
        null,
        1,
        null,
        null,
        null,
        null
      ],
      "/Users/sabinashrestha/Devpointlabs/summer2015/learning-rspec/config/initializers/assets.rb": [
        null,
        null,
        null,
        1,
        null,
        null,
        null,
        null,
        null,
        null,
        null
      ],
      "/Users/sabinashrestha/Devpointlabs/summer2015/learning-rspec/config/initializers/backtrace_silencers.rb": [
        null,
        null,
        null,
        null,
        null,
        null,
        null
      ],
      "/Users/sabinashrestha/Devpointlabs/summer2015/learning-rspec/config/initializers/cookies_serializer.rb": [
        null,
        null,
        1
      ],
      "/Users/sabinashrestha/Devpointlabs/summer2015/learning-rspec/config/initializers/filter_parameter_logging.rb": [
        null,
        null,
        null,
        1
      ],
      "/Users/sabinashrestha/Devpointlabs/summer2015/learning-rspec/config/initializers/inflections.rb": [
        null,
        null,
        null,
        null,
        null,
        null,
        null,
        null,
        null,
        null,
        null,
        null,
        null,
        null,
        null,
        null
      ],
      "/Users/sabinashrestha/Devpointlabs/summer2015/learning-rspec/config/initializers/mime_types.rb": [
        null,
        null,
        null,
        null
      ],
      "/Users/sabinashrestha/Devpointlabs/summer2015/learning-rspec/config/initializers/session_store.rb": [
        null,
        null,
        1
      ],
      "/Users/sabinashrestha/Devpointlabs/summer2015/learning-rspec/config/initializers/wrap_parameters.rb": [
        null,
        null,
        null,
        null,
        null,
        null,
        1,
        1,
        null,
        null,
        null,
        null,
        null,
        null
      ],
      "/Users/sabinashrestha/Devpointlabs/summer2015/learning-rspec/config/routes.rb": [
        1,
        1,
        null,
        1,
        null,
        null,
        null,
        null,
        null,
        null,
        null,
        null,
        null,
        null,
        null,
        null,
        null,
        null,
        null,
        null,
        null,
        null,
        null,
        null,
        null,
        null,
        null,
        null,
        null,
        null,
        null,
        null,
        null,
        null,
        null,
        null,
        null,
        null,
        null,
        null,
        null,
        null,
        null,
        null,
        null,
        null,
        null,
        null,
        null,
        null,
        null,
        null,
        null,
        null,
        null,
        null,
        null,
        null,
        null,
        null
      ],
      "/Users/sabinashrestha/Devpointlabs/summer2015/learning-rspec/app/helpers/application_helper.rb": [
        1,
        null
      ],
      "/Users/sabinashrestha/Devpointlabs/summer2015/learning-rspec/app/helpers/users_helper.rb": [
        1,
        null
      ],
      "/Users/sabinashrestha/Devpointlabs/summer2015/learning-rspec/app/controllers/users_controller.rb": [
        1,
        null,
        null,
        null
      ],
      "/Users/sabinashrestha/Devpointlabs/summer2015/learning-rspec/app/controllers/application_controller.rb": [
        1,
        null,
        null,
        1,
        null
      ],
      "/Users/sabinashrestha/Devpointlabs/summer2015/learning-rspec/spec/helpers/users_helper_spec.rb": [
        1,
        null,
        null,
        null,
        null,
        null,
        null,
        null,
        null,
        null,
        null,
        null,
        1,
        1,
        null
      ],
      "/Users/sabinashrestha/Devpointlabs/summer2015/learning-rspec/spec/models/user_spec.rb": [
        1,
        null,
        1,
        null,
        1,
        1,
        4,
        null,
        null,
        1,
        1,
        1,
        null,
        null,
        null,
        1,
        1,
        1,
        1,
        null,
        null,
        1,
        1,
        1,
        1,
        null,
        null,
        null,
        1,
        1,
        1,
        1,
        null,
        null,
        null,
        null,
        null,
        1,
        1,
        2,
        2,
        2,
        null,
        null,
        1,
        1,
        1,
        null,
        null,
        null,
        1,
        1,
        1,
        null,
        null,
        null,
        null,
        null
      ],
      "/Users/sabinashrestha/Devpointlabs/summer2015/learning-rspec/app/models/user.rb": [
        1,
        1,
        1,
        1,
        null,
        null,
        1,
        2,
        null,
        null,
        1,
        1,
        null,
        null,
        1,
        1,
        null,
        null,
        1,
        2,
        null,
        null,
        null,
        1,
        null,
        null
      ],
      "/Users/sabinashrestha/Devpointlabs/summer2015/learning-rspec/spec/models/video_spec.rb": [
        1,
        null,
        1,
        null,
        3,
        null,
        null,
        null,
        null,
        null,
        null,
        1,
        1,
        1,
        1,
        null,
        null,
        1,
        1,
        null,
        null,
        null,
        null,
        null,
        1,
        1,
        1,
        null,
        null,
        1,
        1,
        null,
        null,
        1,
        1,
        null,
        null,
        1,
        1,
        null,
        null,
        null,
        null,
        null
      ],
      "/Users/sabinashrestha/Devpointlabs/summer2015/learning-rspec/app/models/video.rb": [
        1,
        1,
        null,
        1,
        1,
        1,
        null,
        1,
        2,
        null,
        null
      ],
      "/Users/sabinashrestha/Devpointlabs/summer2015/learning-rspec/spec/views/index/create.html.erb_spec.rb": [
        1,
        null,
        1,
        1,
        null
      ],
      "/Users/sabinashrestha/Devpointlabs/summer2015/learning-rspec/spec/views/index/new.html.erb_spec.rb": [
        1,
        null,
        1,
        1,
        null
      ]
    },
    "timestamp": 1436301671
  }
}
